0 info it worked if it ends with ok
1 verbose cli [ '/usr/local/bin/node',
1 verbose cli   '/usr/local/bin/npm',
1 verbose cli   'install',
1 verbose cli   '-g',
1 verbose cli   'babel' ]
2 info using npm@2.14.2
3 info using node@v4.0.0
4 verbose install initial load of /usr/local/lib/package.json
5 verbose readDependencies loading dependencies from /usr/local/lib/package.json
6 silly cache add args [ 'babel', null ]
7 verbose cache add spec babel
8 silly cache add parsed spec Result {
8 silly cache add   raw: 'babel',
8 silly cache add   scope: null,
8 silly cache add   name: 'babel',
8 silly cache add   rawSpec: '',
8 silly cache add   spec: '*',
8 silly cache add   type: 'range' }
9 silly addNamed babel@*
10 verbose addNamed "*" is a valid semver range for babel
11 silly addNameRange { name: 'babel', range: '*', hasData: false }
12 silly mapToRegistry name babel
13 silly mapToRegistry using default registry
14 silly mapToRegistry registry https://registry.npmjs.org/
15 silly mapToRegistry uri https://registry.npmjs.org/babel
16 verbose addNameRange registry:https://registry.npmjs.org/babel not in flight; fetching
17 verbose request uri https://registry.npmjs.org/babel
18 verbose request no auth needed
19 info attempt registry request try #1 at 3:41:35 PM
20 verbose request id f575c96fb76d87bf
21 verbose etag "72G2692CXLT4AJ39ICR07LUAV"
22 http request GET https://registry.npmjs.org/babel
23 http 304 https://registry.npmjs.org/babel
24 silly get cb [ 304,
24 silly get   { date: 'Mon, 19 Oct 2015 20:41:35 GMT',
24 silly get     via: '1.1 varnish',
24 silly get     'cache-control': 'max-age=60',
24 silly get     etag: '"72G2692CXLT4AJ39ICR07LUAV"',
24 silly get     age: '18',
24 silly get     connection: 'keep-alive',
24 silly get     'x-served-by': 'cache-jfk1025-JFK',
24 silly get     'x-cache': 'HIT',
24 silly get     'x-cache-hits': '1',
24 silly get     'x-timer': 'S1445287295.401259,VS0,VE1',
24 silly get     vary: 'Accept' } ]
25 verbose etag https://registry.npmjs.org/babel from cache
26 verbose get saving babel to /Users/allada/.npm/registry.npmjs.org/babel/.cache.json
27 silly addNameRange number 2 { name: 'babel', range: '*', hasData: true }
28 silly addNameRange versions [ 'babel',
28 silly addNameRange   [ '0.0.1',
28 silly addNameRange     '4.0.1',
28 silly addNameRange     '4.0.2',
28 silly addNameRange     '4.1.1',
28 silly addNameRange     '4.2.0',
28 silly addNameRange     '4.2.1',
28 silly addNameRange     '4.3.0',
28 silly addNameRange     '4.4.1',
28 silly addNameRange     '4.4.2',
28 silly addNameRange     '4.4.3',
28 silly addNameRange     '4.4.4',
28 silly addNameRange     '4.4.5',
28 silly addNameRange     '4.4.6',
28 silly addNameRange     '4.5.0',
28 silly addNameRange     '4.5.1',
28 silly addNameRange     '4.5.2',
28 silly addNameRange     '4.5.3',
28 silly addNameRange     '4.5.4',
28 silly addNameRange     '4.5.5',
28 silly addNameRange     '4.6.0',
28 silly addNameRange     '4.6.1',
28 silly addNameRange     '4.6.3',
28 silly addNameRange     '4.6.4',
28 silly addNameRange     '4.6.5',
28 silly addNameRange     '4.6.6',
28 silly addNameRange     '4.7.0',
28 silly addNameRange     '4.7.1',
28 silly addNameRange     '4.7.2',
28 silly addNameRange     '4.7.3',
28 silly addNameRange     '4.7.4',
28 silly addNameRange     '4.7.5',
28 silly addNameRange     '4.7.6',
28 silly addNameRange     '4.7.7',
28 silly addNameRange     '4.7.8',
28 silly addNameRange     '4.7.9',
28 silly addNameRange     '4.7.10',
28 silly addNameRange     '4.7.11',
28 silly addNameRange     '4.7.12',
28 silly addNameRange     '4.7.13',
28 silly addNameRange     '4.7.14',
28 silly addNameRange     '4.7.15',
28 silly addNameRange     '4.7.16',
28 silly addNameRange     '5.0.0-beta2',
28 silly addNameRange     '5.0.0-beta3',
28 silly addNameRange     '5.0.0-beta4',
28 silly addNameRange     '5.0.0',
28 silly addNameRange     '5.0.1',
28 silly addNameRange     '5.0.2',
28 silly addNameRange     '5.0.3',
28 silly addNameRange     '5.0.4',
28 silly addNameRange     '5.0.5',
28 silly addNameRange     '5.0.6',
28 silly addNameRange     '5.0.7',
28 silly addNameRange     '5.0.8',
28 silly addNameRange     '5.0.9',
28 silly addNameRange     '5.0.10',
28 silly addNameRange     '5.0.11',
28 silly addNameRange     '5.0.12',
28 silly addNameRange     '5.0.13',
28 silly addNameRange     '5.1.0',
28 silly addNameRange     '5.1.1',
28 silly addNameRange     '5.1.2',
28 silly addNameRange     '5.1.3',
28 silly addNameRange     '5.1.4',
28 silly addNameRange     '5.1.5',
28 silly addNameRange     '5.1.6',
28 silly addNameRange     '5.1.7',
28 silly addNameRange     '5.1.8',
28 silly addNameRange     '5.1.9',
28 silly addNameRange     '5.1.10',
28 silly addNameRange     '5.1.11',
28 silly addNameRange     '5.1.12',
28 silly addNameRange     '5.1.13',
28 silly addNameRange     '5.2.0',
28 silly addNameRange     '5.2.1',
28 silly addNameRange     '5.2.2',
28 silly addNameRange     '5.2.3',
28 silly addNameRange     '5.2.4',
28 silly addNameRange     '5.2.5',
28 silly addNameRange     '5.2.6',
28 silly addNameRange     '5.2.7',
28 silly addNameRange     '5.2.9',
28 silly addNameRange     '5.2.10',
28 silly addNameRange     '5.2.11',
28 silly addNameRange     '5.2.12',
28 silly addNameRange     '5.2.13',
28 silly addNameRange     '5.2.14',
28 silly addNameRange     '5.2.15',
28 silly addNameRange     '5.2.16',
28 silly addNameRange     '5.2.17',
28 silly addNameRange     '5.3.0',
28 silly addNameRange     '5.3.1',
28 silly addNameRange     '5.3.2',
28 silly addNameRange     '5.3.3',
28 silly addNameRange     '5.4.0',
28 silly addNameRange     '5.4.1',
28 silly addNameRange     '5.4.2',
28 silly addNameRange     '5.4.3',
28 silly addNameRange     '5.4.4',
28 silly addNameRange     '5.4.5',
28 silly addNameRange     '5.4.6',
28 silly addNameRange     '5.4.7',
28 silly addNameRange     '5.5.0',
28 silly addNameRange     '5.5.1',
28 silly addNameRange     '5.5.2',
28 silly addNameRange     '5.5.3',
28 silly addNameRange     '5.5.4',
28 silly addNameRange     '5.5.5',
28 silly addNameRange     '5.5.6',
28 silly addNameRange     '5.5.7',
28 silly addNameRange     '5.5.8',
28 silly addNameRange     '5.6.1',
28 silly addNameRange     '5.6.2',
28 silly addNameRange     '5.6.3',
28 silly addNameRange     '5.6.4',
28 silly addNameRange     '5.6.5',
28 silly addNameRange     '5.6.6',
28 silly addNameRange     '5.6.7',
28 silly addNameRange     '5.6.10',
28 silly addNameRange     '5.6.11',
28 silly addNameRange     '5.6.12',
28 silly addNameRange     '5.6.14',
28 silly addNameRange     '5.6.23',
28 silly addNameRange     '5.8.2',
28 silly addNameRange     '5.8.3',
28 silly addNameRange     '5.8.5',
28 silly addNameRange     '5.8.6',
28 silly addNameRange     '5.8.8',
28 silly addNameRange     '5.8.9',
28 silly addNameRange     '5.8.12',
28 silly addNameRange     '5.8.19',
28 silly addNameRange     '5.8.20',
28 silly addNameRange     '5.8.21',
28 silly addNameRange     '5.8.23' ] ]
29 silly addNamed babel@5.8.23
30 verbose addNamed "5.8.23" is a plain semver version for babel
31 silly cache afterAdd babel@5.8.23
32 verbose afterAdd /Users/allada/.npm/babel/5.8.23/package/package.json not in flight; writing
33 verbose afterAdd /Users/allada/.npm/babel/5.8.23/package/package.json written
34 silly install resolved [ { name: 'babel',
34 silly install resolved     version: '5.8.23',
34 silly install resolved     description: 'Turn ES6 code into readable vanilla ES5 with source maps',
34 silly install resolved     author: { name: 'Sebastian McKenzie', email: 'sebmck@gmail.com' },
34 silly install resolved     homepage: 'https://babeljs.io/',
34 silly install resolved     license: 'MIT',
34 silly install resolved     repository: { type: 'git', url: 'git+https://github.com/babel/babel.git' },
34 silly install resolved     preferGlobal: true,
34 silly install resolved     dependencies:
34 silly install resolved      { 'babel-core': '^5.6.21',
34 silly install resolved        chokidar: '^1.0.0',
34 silly install resolved        commander: '^2.6.0',
34 silly install resolved        'convert-source-map': '^1.1.0',
34 silly install resolved        'fs-readdir-recursive': '^0.1.0',
34 silly install resolved        glob: '^5.0.5',
34 silly install resolved        lodash: '^3.2.0',
34 silly install resolved        'output-file-sync': '^1.1.0',
34 silly install resolved        'path-exists': '^1.0.0',
34 silly install resolved        'path-is-absolute': '^1.0.0',
34 silly install resolved        'source-map': '^0.4.0',
34 silly install resolved        slash: '^1.0.0' },
34 silly install resolved     bin:
34 silly install resolved      { babel: './bin/babel.js',
34 silly install resolved        'babel-node': './bin/babel-node.js',
34 silly install resolved        'babel-external-helpers': './bin/babel-external-helpers.js',
34 silly install resolved        'babel-plugin': './bin/babel-plugin.js' },
34 silly install resolved     bugs: { url: 'https://github.com/babel/babel/issues' },
34 silly install resolved     _id: 'babel@5.8.23',
34 silly install resolved     scripts: {},
34 silly install resolved     _shasum: 'ccfc3fbb173ca2442f455d67793c28fd2a197d5d',
34 silly install resolved     _from: 'babel@*',
34 silly install resolved     _npmVersion: '2.11.3',
34 silly install resolved     _nodeVersion: '0.12.7',
34 silly install resolved     _npmUser: { name: 'sebmck', email: 'sebmck@gmail.com' },
34 silly install resolved     dist:
34 silly install resolved      { shasum: 'ccfc3fbb173ca2442f455d67793c28fd2a197d5d',
34 silly install resolved        tarball: 'http://registry.npmjs.org/babel/-/babel-5.8.23.tgz' },
34 silly install resolved     maintainers: [ [Object] ],
34 silly install resolved     directories: {},
34 silly install resolved     _resolved: 'https://registry.npmjs.org/babel/-/babel-5.8.23.tgz',
34 silly install resolved     readme: 'ERROR: No README data found!' } ]
35 info install babel@5.8.23 into /usr/local/lib
36 info installOne babel@5.8.23
37 verbose installOne of babel to /usr/local/lib not in flight; installing
38 verbose lock using /Users/allada/.npm/_locks/babel-5417f13f3f034c23.lock for /usr/local/lib/node_modules/babel
39 silly install write writing babel 5.8.23 to /usr/local/lib/node_modules/babel
40 verbose unbuild lib/node_modules/babel
41 info preuninstall babel@5.8.23
42 info uninstall babel@5.8.23
43 verbose unbuild rmStuff babel@5.8.23 from /usr/local/lib/node_modules
44 silly gentlyRm /usr/local/bin/babel is being gently removed
45 silly gentlyRm verifying /usr/local is an npm working directory
46 silly gentlyRm /usr/local/bin/babel-node is being gently removed
47 silly gentlyRm verifying /usr/local is an npm working directory
48 silly gentlyRm /usr/local/bin/babel-external-helpers is being gently removed
49 silly gentlyRm verifying /usr/local is an npm working directory
50 silly gentlyRm /usr/local/bin/babel-plugin is being gently removed
51 silly gentlyRm verifying /usr/local is an npm working directory
52 silly gentlyRm containing path /usr/local is under npm's control, in /usr/local
53 silly gentlyRm deletion target /usr/local/bin/babel is under /usr/local
54 verbose gentlyRm vacuuming from /usr/local/bin/babel up to /usr/local
55 silly gentlyRm containing path /usr/local is under npm's control, in /usr/local
56 silly gentlyRm deletion target /usr/local/bin/babel-node is under /usr/local
57 verbose gentlyRm vacuuming from /usr/local/bin/babel-node up to /usr/local
58 silly gentlyRm containing path /usr/local is under npm's control, in /usr/local
59 silly gentlyRm deletion target /usr/local/bin/babel-external-helpers is under /usr/local
60 verbose gentlyRm vacuuming from /usr/local/bin/babel-external-helpers up to /usr/local
61 silly gentlyRm containing path /usr/local is under npm's control, in /usr/local
62 silly gentlyRm deletion target /usr/local/bin/babel-plugin is under /usr/local
63 verbose gentlyRm vacuuming from /usr/local/bin/babel-plugin up to /usr/local
64 silly vacuum-fs removing /usr/local/bin/babel
65 silly vacuum-fs removing /usr/local/bin/babel-node
66 silly vacuum-fs removing /usr/local/bin/babel-external-helpers
67 silly vacuum-fs removing /usr/local/bin/babel-plugin
68 silly vacuum-fs quitting because other entries in /usr/local/bin
69 silly vacuum-fs quitting because other entries in /usr/local/bin
70 silly vacuum-fs quitting because other entries in /usr/local/bin
71 silly vacuum-fs quitting because other entries in /usr/local/bin
72 info postuninstall babel@5.8.23
73 silly gentlyRm /usr/local/lib/node_modules/babel is being purged from base /usr/local
74 verbose gentlyRm don't care about contents; nuking /usr/local/lib/node_modules/babel
75 silly vacuum-fs purging /usr/local/lib/node_modules/babel
76 verbose unlock done using /Users/allada/.npm/_locks/babel-5417f13f3f034c23.lock for /usr/local/lib/node_modules/babel
77 verbose stack Error: EACCES: permission denied, rmdir '/usr/local/lib/node_modules/babel'
77 verbose stack     at Error (native)
78 verbose cwd /Volumes/Work Drive/projects/Salt2
79 error Darwin 15.0.0
80 error argv "/usr/local/bin/node" "/usr/local/bin/npm" "install" "-g" "babel"
81 error node v4.0.0
82 error npm  v2.14.2
83 error path /usr/local/lib/node_modules/babel
84 error code EACCES
85 error errno -13
86 error syscall rmdir
87 error Error: EACCES: permission denied, rmdir '/usr/local/lib/node_modules/babel'
87 error     at Error (native)
87 error  { [Error: EACCES: permission denied, rmdir '/usr/local/lib/node_modules/babel']
87 error   errno: -13,
87 error   code: 'EACCES',
87 error   syscall: 'rmdir',
87 error   path: '/usr/local/lib/node_modules/babel' }
88 error Please try running this command again as root/Administrator.
89 verbose exit [ -13, true ]
90 verbose unbuild lib/node_modules/babel
91 info preuninstall babel@5.8.23
92 info uninstall babel@5.8.23
93 verbose unbuild rmStuff babel@5.8.23 from /usr/local/lib/node_modules
94 silly gentlyRm /usr/local/bin/babel is being gently removed
95 silly gentlyRm verifying /usr/local is an npm working directory
96 silly gentlyRm /usr/local/bin/babel-node is being gently removed
97 silly gentlyRm verifying /usr/local is an npm working directory
98 silly gentlyRm /usr/local/bin/babel-external-helpers is being gently removed
99 silly gentlyRm verifying /usr/local is an npm working directory
100 silly gentlyRm /usr/local/bin/babel-plugin is being gently removed
101 silly gentlyRm verifying /usr/local is an npm working directory
102 silly gentlyRm containing path /usr/local is under npm's control, in /usr/local
103 silly gentlyRm deletion target /usr/local/bin/babel is under /usr/local
104 verbose gentlyRm vacuuming from /usr/local/bin/babel up to /usr/local
105 silly gentlyRm containing path /usr/local is under npm's control, in /usr/local
106 silly gentlyRm deletion target /usr/local/bin/babel-node is under /usr/local
107 verbose gentlyRm vacuuming from /usr/local/bin/babel-node up to /usr/local
108 silly gentlyRm containing path /usr/local is under npm's control, in /usr/local
109 silly gentlyRm deletion target /usr/local/bin/babel-external-helpers is under /usr/local
110 verbose gentlyRm vacuuming from /usr/local/bin/babel-external-helpers up to /usr/local
111 silly gentlyRm containing path /usr/local is under npm's control, in /usr/local
112 silly gentlyRm deletion target /usr/local/bin/babel-plugin is under /usr/local
113 verbose gentlyRm vacuuming from /usr/local/bin/babel-plugin up to /usr/local
114 info postuninstall babel@5.8.23
115 silly gentlyRm /usr/local/lib/node_modules/babel is being purged from base /usr/local
116 verbose gentlyRm don't care about contents; nuking /usr/local/lib/node_modules/babel
117 silly vacuum-fs purging /usr/local/lib/node_modules/babel
118 error error rolling back Error: EACCES: permission denied, rmdir '/usr/local/lib/node_modules/babel'
118 error error rolling back     at Error (native)
118 error error rolling back  { [Error: EACCES: permission denied, rmdir '/usr/local/lib/node_modules/babel']
118 error error rolling back   errno: -13,
118 error error rolling back   code: 'EACCES',
118 error error rolling back   syscall: 'rmdir',
118 error error rolling back   path: '/usr/local/lib/node_modules/babel' }
